1561047886834:help
1561047890905:exit
1561311326886:help
1561311349946:fb -t est
1561311372243:fb -i 1
1561311407442:fb -gn ро
1561311461198:fb
1561311517518:fb -i
1561311523953:fb -i 1
1561312714076:help
1561312722488:fa
1561312724771:faa
1561312730239:fga
1561312734109:fag
1561312740376:fba
1561312742883:fab
1561312752256:fg -i 1
1561312759592:fg -i 2
1561312874380:help
1561314102120:addBook
1561314144954:addb -t Test Book -c No content -g 1 -a 1
1561314213884:addb -t "Test Book" -c "No content" -g 1 -a 1
1561314224421:fa
1561314229315:fb
1561314233016:fab
1561314274928:addb -t ttt -c ccc -g 1,2,3 -a 1,2,3
1561314306732:addb -t t -c cc -g 1 2 -a 1 2
1561314317214:stacktrace
1561314590883:addb -t aqws -c "Test Test"
1561314601703:stacktrace
1561314695207:addb -t "Title 1" -c "Content D"
1561314699445:help
1561314704899:fab
1561315396766:fb -i 10
1561315401985:stacktrace
1561315575419:help
1561315587592:help fg
1561315596582:fg -i 10
1561315601521:stacktrace
1561315802355:fg -i 10
1561315807065:stacktrace
1561316577591:help
1561316584710:faa
1561316589134:fab
1561316595996:help
1561316613907:add b -t title -c cont
1561316631470:addb -t title -c cont
1561316635755:cls
1561316643506:fab
1561316649996:faa
1561316659177:adda Auth123
1561316666682:addg G123
1561316670359:fag
1561316674939:faa
1561316683579:fg 4
1561316691040:fa 4
1561317156381:addb -t title -c cont
1561317163282:fab
1561317183860:setg -b 4 -g 2
1561317188247:fab
1561317206439:setg -b 4 -g 1
1561317212302:fab
1561317330250:help
1561320468803:fab
1561320489517:delb 3
1561320495466:fab
1561320513005:fag
1561320521815:delg 1
1561320526224:fab
1561320549322:dela 1
1561320554620:faa
1561320560954:fab
1561320804562:help
1561320815370:dellb 1
1561320821266:delb 1
1561320827399:delb 2
1561320831525:delb 3
1561320837421:delb 4
1561321305381:sql
1561321318711:sql ""
1561321323650:sql a
1561321495514:dela 3
1561321527495:fab
1561321562315:delb 1
1561321568570:delb 2
1561321572733:delb 3
1561321638907:faa
1561321642913:fag
1561321652857:help
1561321674077:help addb
1561321694656:addb -t Titlr -c cont
1561321710843:fab
1561321717963:help
1561321750782:seta -b 4 -a 1
1561321764775:fab
1561321783340:seta -b 4 -a 3
1561321803456:seta -b 4 -a 2
1561321814942:setg -b 4 -g 3
1561321819634:fab
